<?xml version="1.0" encoding="UTF-8"?>
<testsuite name="org.deblock.exercise.controller.DeblockFlightControllerIntegrationTest" tests="4" skipped="0" failures="0" errors="0" timestamp="2022-11-27T11:54:57" hostname="Manjushrees-MacBook-Pro.local" time="0.155">
  <properties/>
  <testcase name="testHome()" classname="org.deblock.exercise.controller.DeblockFlightControllerIntegrationTest" time="0.047"/>
  <testcase name="testGetFlights()" classname="org.deblock.exercise.controller.DeblockFlightControllerIntegrationTest" time="0.091"/>
  <testcase name="testGetFlightsForInvalidOrigin()" classname="org.deblock.exercise.controller.DeblockFlightControllerIntegrationTest" time="0.008"/>
  <testcase name="testGetFlightsForInvalidDepartureDate()" classname="org.deblock.exercise.controller.DeblockFlightControllerIntegrationTest" time="0.005"/>
  <system-out><![CDATA[11:54:56.073 [Test worker] DEBUG org.springframework.test.context.BootstrapUtils - Instantiating CacheAwareContextLoaderDelegate from class [org.springframework.test.context.cache.DefaultCacheAwareContextLoaderDelegate]
11:54:56.077 [Test worker] DEBUG org.springframework.test.context.BootstrapUtils - Instantiating BootstrapContext using constructor [public org.springframework.test.context.support.DefaultBootstrapContext(java.lang.Class,org.springframework.test.context.CacheAwareContextLoaderDelegate)]
11:54:56.092 [Test worker] DEBUG org.springframework.test.context.BootstrapUtils - Instantiating TestContextBootstrapper for test class [org.deblock.exercise.controller.DeblockFlightControllerIntegrationTest] from class [org.springframework.boot.test.autoconfigure.web.servlet.WebMvcTestContextBootstrapper]
11:54:56.096 [Test worker] INFO org.springframework.boot.test.autoconfigure.web.servlet.WebMvcTestContextBootstrapper - Neither @ContextConfiguration nor @ContextHierarchy found for test class [org.deblock.exercise.controller.DeblockFlightControllerIntegrationTest], using SpringBootContextLoader
11:54:56.098 [Test worker] DEBUG org.springframework.test.context.support.AbstractContextLoader - Did not detect default resource location for test class [org.deblock.exercise.controller.DeblockFlightControllerIntegrationTest]: class path resource [org/deblock/exercise/controller/DeblockFlightControllerIntegrationTest-context.xml] does not exist
11:54:56.098 [Test worker] DEBUG org.springframework.test.context.support.AbstractContextLoader - Did not detect default resource location for test class [org.deblock.exercise.controller.DeblockFlightControllerIntegrationTest]: class path resource [org/deblock/exercise/controller/DeblockFlightControllerIntegrationTestContext.groovy] does not exist
11:54:56.098 [Test worker] INFO org.springframework.test.context.support.AbstractContextLoader - Could not detect default resource locations for test class [org.deblock.exercise.controller.DeblockFlightControllerIntegrationTest]: no resource found for suffixes {-context.xml, Context.groovy}.
11:54:56.098 [Test worker] INFO org.springframework.test.context.support.AnnotationConfigContextLoaderUtils - Could not detect default configuration classes for test class [org.deblock.exercise.controller.DeblockFlightControllerIntegrationTest]: DeblockFlightControllerIntegrationTest does not declare any static, non-private, non-final, nested classes annotated with @Configuration.
11:54:56.134 [Test worker] DEBUG org.springframework.test.context.support.ActiveProfilesUtils - Could not find an 'annotation declaring class' for annotation type [org.springframework.test.context.ActiveProfiles] and class [org.deblock.exercise.controller.DeblockFlightControllerIntegrationTest]
11:54:56.162 [Test worker] DEBUG org.springframework.context.annotation.ClassPathScanningCandidateComponentProvider - Identified candidate component class: file [/Users/manjushreehegde/Desktop/Mahesh/deblock/deblock/build/classes/java/main/org/deblock/exercise/ExerciseApplication.class]
11:54:56.163 [Test worker] INFO org.springframework.boot.test.context.SpringBootTestContextBootstrapper - Found @SpringBootConfiguration org.deblock.exercise.ExerciseApplication for test class org.deblock.exercise.controller.DeblockFlightControllerIntegrationTest
11:54:56.164 [Test worker] DEBUG org.springframework.boot.test.autoconfigure.web.servlet.WebMvcTestContextBootstrapper - @TestExecutionListeners is not present for class [org.deblock.exercise.controller.DeblockFlightControllerIntegrationTest]: using defaults.
11:54:56.164 [Test worker] INFO org.springframework.boot.test.autoconfigure.web.servlet.WebMvcTestContextBootstrapper - Loaded default TestExecutionListener class names from location [META-INF/spring.factories]: [org.springframework.boot.test.autoconfigure.restdocs.RestDocsTestExecutionListener, org.springframework.boot.test.autoconfigure.web.client.MockRestServiceServerResetTestExecutionListener, org.springframework.boot.test.autoconfigure.web.servlet.MockMvcPrintOnlyOnFailureTestExecutionListener, org.springframework.boot.test.autoconfigure.web.servlet.WebDriverTestExecutionListener, org.springframework.boot.test.autoconfigure.webservices.client.MockWebServiceServerTestExecutionListener, org.springframework.boot.test.mock.mockito.MockitoTestExecutionListener, org.springframework.boot.test.mock.mockito.ResetMocksTestExecutionListener, org.springframework.test.context.web.ServletTestExecutionListener, org.springframework.test.context.support.DirtiesContextBeforeModesTestExecutionListener, org.springframework.test.context.event.ApplicationEventsTestExecutionListener, org.springframework.test.context.support.DependencyInjectionTestExecutionListener, org.springframework.test.context.support.DirtiesContextTestExecutionListener, org.springframework.test.context.transaction.TransactionalTestExecutionListener, org.springframework.test.context.jdbc.SqlScriptsTestExecutionListener, org.springframework.test.context.event.EventPublishingTestExecutionListener]
11:54:56.171 [Test worker] INFO org.springframework.boot.test.autoconfigure.web.servlet.WebMvcTestContextBootstrapper - Using TestExecutionListeners: [org.springframework.test.context.web.ServletTestExecutionListener@f31c0c6, org.springframework.test.context.support.DirtiesContextBeforeModesTestExecutionListener@b93aad, org.springframework.test.context.event.ApplicationEventsTestExecutionListener@4a9419d7, org.springframework.boot.test.mock.mockito.MockitoTestExecutionListener@2f3c6ac4, org.springframework.boot.test.autoconfigure.SpringBootDependencyInjectionTestExecutionListener@2e8ab815, org.springframework.test.context.support.DirtiesContextTestExecutionListener@67af833b, org.springframework.test.context.transaction.TransactionalTestExecutionListener@d1f74b8, org.springframework.test.context.jdbc.SqlScriptsTestExecutionListener@41394595, org.springframework.test.context.event.EventPublishingTestExecutionListener@3a0807b7, org.springframework.boot.test.autoconfigure.restdocs.RestDocsTestExecutionListener@21a5fd96, org.springframework.boot.test.autoconfigure.web.client.MockRestServiceServerResetTestExecutionListener@5769e7ae, org.springframework.boot.test.autoconfigure.web.servlet.MockMvcPrintOnlyOnFailureTestExecutionListener@5c77053b, org.springframework.boot.test.autoconfigure.web.servlet.WebDriverTestExecutionListener@26b894bd, org.springframework.boot.test.autoconfigure.webservices.client.MockWebServiceServerTestExecutionListener@287f94b1, org.springframework.boot.test.mock.mockito.ResetMocksTestExecutionListener@30b34287]
11:54:56.172 [Test worker] DEBUG org.springframework.test.context.support.AbstractDirtiesContextTestExecutionListener - Before test class: context [DefaultTestContext@13579834 testClass = DeblockFlightControllerIntegrationTest, testInstance = [null], testMethod = [null], testException = [null], mergedContextConfiguration = [WebMergedContextConfiguration@24be2d9c testClass = DeblockFlightControllerIntegrationTest, locations = '{}', classes = '{class org.deblock.exercise.ExerciseApplication}', contextInitializerClasses = '[]', activeProfiles = '{}', propertySourceLocations = '{}', propertySourceProperties = '{org.springframework.boot.test.autoconfigure.web.servlet.WebMvcTestContextBootstrapper=true}', contextCustomizers = set[org.springframework.boot.test.autoconfigure.OverrideAutoConfigurationContextCustomizerFactory$DisableAutoConfigurationContextCustomizer@2e54db99, org.springframework.boot.test.autoconfigure.actuate.metrics.MetricsExportContextCustomizerFactory$DisableMetricExportContextCustomizer@773f7880, org.springframework.boot.test.autoconfigure.filter.TypeExcludeFiltersContextCustomizer@75323a2c, org.springframework.boot.test.autoconfigure.properties.PropertyMappingContextCustomizer@44731602, org.springframework.boot.test.autoconfigure.web.servlet.WebDriverContextCustomizerFactory$Customizer@132ddbab, [ImportsContextCustomizer@5bd73d1a key = [org.springframework.boot.autoconfigure.cache.CacheAutoConfiguration, org.springframework.boot.autoconfigure.context.MessageSourceAutoConfiguration, org.springframework.boot.autoconfigure.data.web.SpringDataWebAutoConfiguration, org.springframework.boot.autoconfigure.freemarker.FreeMarkerAutoConfiguration, org.springframework.boot.autoconfigure.groovy.template.GroovyTemplateAutoConfiguration, org.springframework.boot.autoconfigure.gson.GsonAutoConfiguration, org.springframework.boot.autoconfigure.hateoas.HypermediaAutoConfiguration, org.springframework.boot.autoconfigure.http.HttpMessageConvertersAutoConfiguration, org.springframework.boot.autoconfigure.jackson.JacksonAutoConfiguration, org.springframework.boot.autoconfigure.jsonb.JsonbAutoConfiguration, org.springframework.boot.autoconfigure.mustache.MustacheAutoConfiguration, org.springframework.boot.autoconfigure.task.TaskExecutionAutoConfiguration, org.springframework.boot.autoconfigure.thymeleaf.ThymeleafAutoConfiguration, org.springframework.boot.autoconfigure.validation.ValidationAutoConfiguration, org.springframework.boot.autoconfigure.web.servlet.error.ErrorMvcAutoConfiguration, org.springframework.boot.autoconfigure.web.servlet.HttpEncodingAutoConfiguration, org.springframework.boot.autoconfigure.web.servlet.WebMvcAutoConfiguration, org.springframework.boot.test.autoconfigure.web.servlet.MockMvcAutoConfiguration, org.springframework.boot.test.autoconfigure.web.servlet.MockMvcWebClientAutoConfiguration, org.springframework.boot.test.autoconfigure.web.servlet.MockMvcWebDriverAutoConfiguration, org.springframework.boot.autoconfigure.security.oauth2.client.servlet.OAuth2ClientAutoConfiguration, org.springframework.boot.autoconfigure.security.oauth2.resource.servlet.OAuth2ResourceServerAutoConfiguration, org.springframework.boot.autoconfigure.security.servlet.SecurityAutoConfiguration, org.springframework.boot.autoconfigure.security.servlet.SecurityFilterAutoConfiguration, org.springframework.boot.autoconfigure.security.servlet.UserDetailsServiceAutoConfiguration, org.springframework.boot.test.autoconfigure.web.servlet.MockMvcSecurityConfiguration, org.springframework.boot.test.autoconfigure.web.reactive.WebTestClientAutoConfiguration]], org.springframework.boot.test.context.filter.ExcludeFilterContextCustomizer@52500920, org.springframework.boot.test.json.DuplicateJsonObjectContextCustomizerFactory$DuplicateJsonObjectContextCustomizer@78aea4b9, org.springframework.boot.test.mock.mockito.MockitoContextCustomizer@bd82928b, org.springframework.boot.test.context.SpringBootTestArgs@1, org.springframework.boot.test.context.SpringBootTestWebEnvironment@0], resourceBasePath = 'src/main/webapp', contextLoader = 'org.springframework.boot.test.context.SpringBootContextLoader', parent = [null]], attributes = map[[empty]]], class annotated with @DirtiesContext [false] with mode [null].

  .   ____          _            __ _ _
 /\\ / ___'_ __ _ _(_)_ __  __ _ \ \ \ \
( ( )\___ | '_ | '_| | '_ \/ _` | \ \ \ \
 \\/  ___)| |_)| | | | | || (_| |  ) ) ) )
  '  |____| .__|_| |_|_| |_\__, | / / / /
 =========|_|==============|___/=/_/_/_/
 :: Spring Boot ::                (v2.7.5)

2022-11-27 11:54:56.328  INFO 6549 --- [    Test worker] c.DeblockFlightControllerIntegrationTest : Starting DeblockFlightControllerIntegrationTest using Java 17.0.5 on Manjushrees-MacBook-Pro.local with PID 6549 (started by manjushreehegde in /Users/manjushreehegde/Desktop/Mahesh/deblock/deblock)
2022-11-27 11:54:56.328  INFO 6549 --- [    Test worker] c.DeblockFlightControllerIntegrationTest : No active profile set, falling back to 1 default profile: "default"
2022-11-27 11:54:57.053  INFO 6549 --- [    Test worker] o.s.b.t.m.w.SpringBootMockServletContext : Initializing Spring TestDispatcherServlet ''
2022-11-27 11:54:57.053  INFO 6549 --- [    Test worker] o.s.t.web.servlet.TestDispatcherServlet  : Initializing Servlet ''
2022-11-27 11:54:57.053  INFO 6549 --- [    Test worker] o.s.t.web.servlet.TestDispatcherServlet  : Completed initialization in 0 ms
2022-11-27 11:54:57.068  INFO 6549 --- [    Test worker] c.DeblockFlightControllerIntegrationTest : Started DeblockFlightControllerIntegrationTest in 0.878 seconds (JVM running for 1.367)
2022-11-27 11:54:57.219  WARN 6549 --- [    Test worker] .w.s.m.s.DefaultHandlerExceptionResolver : Resolved [org.springframework.web.bind.MethodArgumentNotValidException: Validation failed for argument [0] in public org.springframework.http.ResponseEntity<java.util.List<org.deblock.exercise.model.SearchResponseParam>> org.deblock.exercise.controller.DeblockFlightController.getFlights(org.deblock.exercise.model.SearchRequestParam): [Field error in object 'searchRequestParam' on field 'origin': rejected value [LH]; codes [Size.searchRequestParam.origin,Size.origin,Size.java.lang.String,Size]; arguments [org.springframework.context.support.DefaultMessageSourceResolvable: codes [searchRequestParam.origin,origin]; arguments []; default message [origin],3,3]; default message [Origin should be 3 character long]] ]
2022-11-27 11:54:57.224  WARN 6549 --- [    Test worker] .w.s.m.s.DefaultHandlerExceptionResolver : Resolved [org.springframework.web.bind.MethodArgumentNotValidException: Validation failed for argument [0] in public org.springframework.http.ResponseEntity<java.util.List<org.deblock.exercise.model.SearchResponseParam>> org.deblock.exercise.controller.DeblockFlightController.getFlights(org.deblock.exercise.model.SearchRequestParam): [Field error in object 'searchRequestParam' on field 'departureDate': rejected value [2022-11-26]; codes [FutureOrPresent.searchRequestParam.departureDate,FutureOrPresent.departureDate,FutureOrPresent.java.time.LocalDate,FutureOrPresent]; arguments [org.springframework.context.support.DefaultMessageSourceResolvable: codes [searchRequestParam.departureDate,departureDate]; arguments []; default message [departureDate]]; default message [Departure date should be greater than present]] ]
]]></system-out>
  <system-err><![CDATA[]]></system-err>
</testsuite>
